2021-03-18 17:43:53,690 ERROR [http-nio-8080-exec-4] EmployeeDAO: doStuff encountered an error with value - test
2021-03-18 18:24:49,193 INFO  [main] SpringBootDemoApplication: Starting SpringBootDemoApplication on NCS-240619KK16 with PID 15872 (D:\TASYS\POC\logback+springboot1\springbootrestdemo\springbootrestdemo\target\classes started by P0103248 in D:\TASYS\POC\logback+springboot1\springbootrestdemo\springbootrestdemo)
2021-03-18 18:24:49,208 INFO  [main] SpringBootDemoApplication: No active profile set, falling back to default profiles: default
2021-03-18 18:24:49,468 INFO  [main] AnnotationConfigServletWebServerApplicationContext: Refreshing org.springframework.boot.web.servlet.context.AnnotationConfigServletWebServerApplicationContext@76908cc0: startup date [Thu Mar 18 18:24:49 SGT 2021]; root of context hierarchy
2021-03-18 18:24:54,668 INFO  [main] TomcatWebServer: Tomcat initialized with port(s): 8080 (http)
2021-03-18 18:24:54,748 INFO  [main] StandardService: Starting service [Tomcat]
2021-03-18 18:24:54,749 INFO  [main] StandardEngine: Starting Servlet Engine: Apache Tomcat/8.5.34
2021-03-18 18:24:54,774 INFO  [localhost-startStop-1] AprLifecycleListener: The APR based Apache Tomcat Native library which allows optimal performance in production environments was not found on the java.library.path: [D:\Softwares\SOFTWARE_BACKEND\Java\jdk1.8.0_171\bin;C:\WINDOWS\Sun\Java\bin;C:\WINDOWS\system32;C:\WINDOWS;C:\Program Files (x86)\Intel\iCLS Client\;C:\Program Files\Intel\iCLS Client\;C:\WINDOWS\system32;C:\WINDOWS;C:\WINDOWS\System32\Wbem;C:\WINDOWS\System32\WindowsPowerShell\v1.0\;C:\WINDOWS\System32\OpenSSH\;C:\Program Files (x86)\Intel\Intel(R) Management Engine Components\DAL;C:\Program Files\Intel\Intel(R) Management Engine Components\DAL;C:\Program Files (x86)\Intel\Intel(R) Management Engine Components\IPT;C:\Program Files\Intel\Intel(R) Management Engine Components\IPT;D:\Softwares\SOFTWARE_BACKEND\Java\jdk1.8.0_171\bin;C:\Program Files\Git\cmd;C:\Program Files\TortoiseGit\bin;C:\Program Files\nodejs\;C:\Users\P0103248\AppData\Local\Microsoft\WindowsApps;C:\Program Files\Microsoft VS Code\bin;D:\TASYS\angular\node-v14.15.4-win-x64\node-v14.15.4-win-x64;D:\Softwares\SOFTWARE_BACKEND\Java\jdk1.8.0_171\bin;D:\Softwares\SOFTWARE_BACKEND\Maven\apache-maven-3.5.2-bin\apache-maven-3.5.2\bin;;.]
2021-03-18 18:24:55,286 INFO  [localhost-startStop-1] [/]: Initializing Spring embedded WebApplicationContext
2021-03-18 18:24:55,288 INFO  [localhost-startStop-1] ContextLoader: Root WebApplicationContext: initialization completed in 5820 ms
2021-03-18 18:24:55,483 INFO  [localhost-startStop-1] ServletRegistrationBean: Servlet dispatcherServlet mapped to [/]
2021-03-18 18:24:55,483 INFO  [localhost-startStop-1] FilterRegistrationBean: Mapping filter: 'characterEncodingFilter' to: [/*]
2021-03-18 18:24:55,483 INFO  [localhost-startStop-1] FilterRegistrationBean: Mapping filter: 'hiddenHttpMethodFilter' to: [/*]
2021-03-18 18:24:55,483 INFO  [localhost-startStop-1] FilterRegistrationBean: Mapping filter: 'httpPutFormContentFilter' to: [/*]
2021-03-18 18:24:55,483 INFO  [localhost-startStop-1] FilterRegistrationBean: Mapping filter: 'requestContextFilter' to: [/*]
2021-03-18 18:24:55,792 INFO  [main] SimpleUrlHandlerMapping: Mapped URL path [/**/favicon.ico] onto handler of type [class org.springframework.web.servlet.resource.ResourceHttpRequestHandler]
2021-03-18 18:24:56,127 INFO  [main] RequestMappingHandlerAdapter: Looking for @ControllerAdvice: org.springframework.boot.web.servlet.context.AnnotationConfigServletWebServerApplicationContext@76908cc0: startup date [Thu Mar 18 18:24:49 SGT 2021]; root of context hierarchy
2021-03-18 18:24:56,257 INFO  [main] RequestMappingHandlerMapping: Mapped "{[/employees/],methods=[POST],consumes=[application/json],produces=[application/json]}" onto public org.springframework.http.ResponseEntity<java.lang.Object> com.dbs.tasys.rest.controller.EmployeeController.addEmployee(java.lang.String,java.lang.String,com.dbs.tasys.model.Employee) throws java.lang.Exception
2021-03-18 18:24:56,259 INFO  [main] RequestMappingHandlerMapping: Mapped "{[/employees/],methods=[GET],produces=[application/json]}" onto public com.dbs.tasys.model.Employees com.dbs.tasys.rest.controller.EmployeeController.getEmployees()
2021-03-18 18:24:56,259 INFO  [main] RequestMappingHandlerMapping: Mapped "{[/employees/setloglevel/{loglevel}],methods=[GET]}" onto public void com.dbs.tasys.rest.controller.EmployeeController.setWarnLoglevel(java.lang.String)
2021-03-18 18:24:56,259 INFO  [main] RequestMappingHandlerMapping: Mapped "{[/log/setloglevel/{loglevel}],methods=[GET]}" onto public void com.dbs.tasys.rest.controller.LogController.setWarnLoglevel(java.lang.String)
2021-03-18 18:24:56,267 INFO  [main] RequestMappingHandlerMapping: Mapped "{[/error]}" onto public org.springframework.http.ResponseEntity<java.util.Map<java.lang.String, java.lang.Object>> org.springframework.boot.autoconfigure.web.servlet.error.BasicErrorController.error(javax.servlet.http.HttpServletRequest)
2021-03-18 18:24:56,267 INFO  [main] RequestMappingHandlerMapping: Mapped "{[/error],produces=[text/html]}" onto public org.springframework.web.servlet.ModelAndView org.springframework.boot.autoconfigure.web.servlet.error.BasicErrorController.errorHtml(javax.servlet.http.HttpServletRequest,javax.servlet.http.HttpServletResponse)
2021-03-18 18:24:56,329 INFO  [main] SimpleUrlHandlerMapping: Mapped URL path [/webjars/**] onto handler of type [class org.springframework.web.servlet.resource.ResourceHttpRequestHandler]
2021-03-18 18:24:56,345 INFO  [main] SimpleUrlHandlerMapping: Mapped URL path [/**] onto handler of type [class org.springframework.web.servlet.resource.ResourceHttpRequestHandler]
2021-03-18 18:24:56,388 INFO  [main] ExceptionHandlerExceptionResolver: Detected @ExceptionHandler methods in customExceptionHandler
2021-03-18 18:24:56,637 INFO  [main] AnnotationMBeanExporter: Registering beans for JMX exposure on startup
2021-03-18 18:24:56,866 INFO  [main] TomcatWebServer: Tomcat started on port(s): 8080 (http) with context path ''
2021-03-18 18:24:56,873 INFO  [main] SpringBootDemoApplication: Started SpringBootDemoApplication in 9.282 seconds (JVM running for 11.615)
2021-03-18 18:25:09,511 INFO  [http-nio-8080-exec-8] [/]: Initializing Spring FrameworkServlet 'dispatcherServlet'
2021-03-18 18:25:09,512 INFO  [http-nio-8080-exec-8] DispatcherServlet: FrameworkServlet 'dispatcherServlet': initialization started
2021-03-18 18:25:09,591 INFO  [http-nio-8080-exec-8] DispatcherServlet: FrameworkServlet 'dispatcherServlet': initialization completed in 78 ms
2021-03-18 18:25:17,349 INFO  [http-nio-8080-exec-9] EmployeeDAO: doStuff took input - test
2021-03-18 18:25:17,355 WARN  [http-nio-8080-exec-9] EmployeeDAO: doStuff needed to warn - test
2021-03-18 18:25:17,355 ERROR [http-nio-8080-exec-9] EmployeeDAO: doStuff encountered an error with value - test
2021-03-18 18:26:51,211 INFO  [main] SpringBootDemoApplication: Starting SpringBootDemoApplication on NCS-240619KK16 with PID 5788 (D:\TASYS\POC\logback+springboot1\springbootrestdemo\springbootrestdemo\target\classes started by P0103248 in D:\TASYS\POC\logback+springboot1\springbootrestdemo\springbootrestdemo)
2021-03-18 18:26:51,224 INFO  [main] SpringBootDemoApplication: No active profile set, falling back to default profiles: default
2021-03-18 18:26:51,381 INFO  [main] AnnotationConfigServletWebServerApplicationContext: Refreshing org.springframework.boot.web.servlet.context.AnnotationConfigServletWebServerApplicationContext@be64738: startup date [Thu Mar 18 18:26:51 SGT 2021]; root of context hierarchy
2021-03-18 18:26:55,745 INFO  [main] TomcatWebServer: Tomcat initialized with port(s): 8080 (http)
2021-03-18 18:26:55,787 INFO  [main] StandardService: Starting service [Tomcat]
2021-03-18 18:26:55,788 INFO  [main] StandardEngine: Starting Servlet Engine: Apache Tomcat/8.5.34
2021-03-18 18:26:55,808 INFO  [localhost-startStop-1] AprLifecycleListener: The APR based Apache Tomcat Native library which allows optimal performance in production environments was not found on the java.library.path: [D:\Softwares\SOFTWARE_BACKEND\Java\jdk1.8.0_171\bin;C:\WINDOWS\Sun\Java\bin;C:\WINDOWS\system32;C:\WINDOWS;C:\Program Files (x86)\Intel\iCLS Client\;C:\Program Files\Intel\iCLS Client\;C:\WINDOWS\system32;C:\WINDOWS;C:\WINDOWS\System32\Wbem;C:\WINDOWS\System32\WindowsPowerShell\v1.0\;C:\WINDOWS\System32\OpenSSH\;C:\Program Files (x86)\Intel\Intel(R) Management Engine Components\DAL;C:\Program Files\Intel\Intel(R) Management Engine Components\DAL;C:\Program Files (x86)\Intel\Intel(R) Management Engine Components\IPT;C:\Program Files\Intel\Intel(R) Management Engine Components\IPT;D:\Softwares\SOFTWARE_BACKEND\Java\jdk1.8.0_171\bin;C:\Program Files\Git\cmd;C:\Program Files\TortoiseGit\bin;C:\Program Files\nodejs\;C:\Users\P0103248\AppData\Local\Microsoft\WindowsApps;C:\Program Files\Microsoft VS Code\bin;D:\TASYS\angular\node-v14.15.4-win-x64\node-v14.15.4-win-x64;D:\Softwares\SOFTWARE_BACKEND\Java\jdk1.8.0_171\bin;D:\Softwares\SOFTWARE_BACKEND\Maven\apache-maven-3.5.2-bin\apache-maven-3.5.2\bin;;.]
2021-03-18 18:26:56,192 INFO  [localhost-startStop-1] [/]: Initializing Spring embedded WebApplicationContext
2021-03-18 18:26:56,193 INFO  [localhost-startStop-1] ContextLoader: Root WebApplicationContext: initialization completed in 4813 ms
2021-03-18 18:26:56,406 INFO  [localhost-startStop-1] ServletRegistrationBean: Servlet dispatcherServlet mapped to [/]
2021-03-18 18:26:56,412 INFO  [localhost-startStop-1] FilterRegistrationBean: Mapping filter: 'characterEncodingFilter' to: [/*]
2021-03-18 18:26:56,413 INFO  [localhost-startStop-1] FilterRegistrationBean: Mapping filter: 'hiddenHttpMethodFilter' to: [/*]
2021-03-18 18:26:56,413 INFO  [localhost-startStop-1] FilterRegistrationBean: Mapping filter: 'httpPutFormContentFilter' to: [/*]
2021-03-18 18:26:56,415 INFO  [localhost-startStop-1] FilterRegistrationBean: Mapping filter: 'requestContextFilter' to: [/*]
2021-03-18 18:26:56,777 INFO  [main] SimpleUrlHandlerMapping: Mapped URL path [/**/favicon.ico] onto handler of type [class org.springframework.web.servlet.resource.ResourceHttpRequestHandler]
2021-03-18 18:26:57,089 INFO  [main] RequestMappingHandlerAdapter: Looking for @ControllerAdvice: org.springframework.boot.web.servlet.context.AnnotationConfigServletWebServerApplicationContext@be64738: startup date [Thu Mar 18 18:26:51 SGT 2021]; root of context hierarchy
2021-03-18 18:26:57,271 INFO  [main] RequestMappingHandlerMapping: Mapped "{[/employees/],methods=[POST],consumes=[application/json],produces=[application/json]}" onto public org.springframework.http.ResponseEntity<java.lang.Object> com.dbs.tasys.rest.controller.EmployeeController.addEmployee(java.lang.String,java.lang.String,com.dbs.tasys.model.Employee) throws java.lang.Exception
2021-03-18 18:26:57,273 INFO  [main] RequestMappingHandlerMapping: Mapped "{[/employees/setloglevel/{loglevel}],methods=[GET]}" onto public void com.dbs.tasys.rest.controller.EmployeeController.setWarnLoglevel(java.lang.String)
2021-03-18 18:26:57,274 INFO  [main] RequestMappingHandlerMapping: Mapped "{[/employees/],methods=[GET],produces=[application/json]}" onto public com.dbs.tasys.model.Employees com.dbs.tasys.rest.controller.EmployeeController.getEmployees()
2021-03-18 18:26:57,276 INFO  [main] RequestMappingHandlerMapping: Mapped "{[/log/setloglevel/{loglevel}],methods=[GET]}" onto public void com.dbs.tasys.rest.controller.LogController.setWarnLoglevel(java.lang.String)
2021-03-18 18:26:57,281 INFO  [main] RequestMappingHandlerMapping: Mapped "{[/error]}" onto public org.springframework.http.ResponseEntity<java.util.Map<java.lang.String, java.lang.Object>> org.springframework.boot.autoconfigure.web.servlet.error.BasicErrorController.error(javax.servlet.http.HttpServletRequest)
2021-03-18 18:26:57,282 INFO  [main] RequestMappingHandlerMapping: Mapped "{[/error],produces=[text/html]}" onto public org.springframework.web.servlet.ModelAndView org.springframework.boot.autoconfigure.web.servlet.error.BasicErrorController.errorHtml(javax.servlet.http.HttpServletRequest,javax.servlet.http.HttpServletResponse)
2021-03-18 18:26:57,339 INFO  [main] SimpleUrlHandlerMapping: Mapped URL path [/webjars/**] onto handler of type [class org.springframework.web.servlet.resource.ResourceHttpRequestHandler]
2021-03-18 18:26:57,340 INFO  [main] SimpleUrlHandlerMapping: Mapped URL path [/**] onto handler of type [class org.springframework.web.servlet.resource.ResourceHttpRequestHandler]
2021-03-18 18:26:57,363 INFO  [main] ExceptionHandlerExceptionResolver: Detected @ExceptionHandler methods in customExceptionHandler
2021-03-18 18:26:57,596 INFO  [main] AnnotationMBeanExporter: Registering beans for JMX exposure on startup
2021-03-18 18:26:57,710 INFO  [main] TomcatWebServer: Tomcat started on port(s): 8080 (http) with context path ''
2021-03-18 18:26:57,718 INFO  [main] SpringBootDemoApplication: Started SpringBootDemoApplication in 8.005 seconds (JVM running for 9.567)
2021-03-18 18:27:07,816 INFO  [http-nio-8080-exec-3] [/]: Initializing Spring FrameworkServlet 'dispatcherServlet'
2021-03-18 18:27:07,817 INFO  [http-nio-8080-exec-3] DispatcherServlet: FrameworkServlet 'dispatcherServlet': initialization started
2021-03-18 18:27:07,938 INFO  [http-nio-8080-exec-3] DispatcherServlet: FrameworkServlet 'dispatcherServlet': initialization completed in 120 ms
2021-03-18 18:30:42,178 INFO  [main] SpringBootDemoApplication: Starting SpringBootDemoApplication on NCS-240619KK16 with PID 18056 (D:\TASYS\POC\logback+springboot1\springbootrestdemo\springbootrestdemo\target\classes started by P0103248 in D:\TASYS\POC\logback+springboot1\springbootrestdemo\springbootrestdemo)
2021-03-18 18:30:42,193 INFO  [main] SpringBootDemoApplication: No active profile set, falling back to default profiles: default
2021-03-18 18:30:42,327 INFO  [main] AnnotationConfigServletWebServerApplicationContext: Refreshing org.springframework.boot.web.servlet.context.AnnotationConfigServletWebServerApplicationContext@10e92f8f: startup date [Thu Mar 18 18:30:42 SGT 2021]; root of context hierarchy
2021-03-18 18:30:45,921 INFO  [main] TomcatWebServer: Tomcat initialized with port(s): 8080 (http)
2021-03-18 18:30:45,969 INFO  [main] StandardService: Starting service [Tomcat]
2021-03-18 18:30:45,970 INFO  [main] StandardEngine: Starting Servlet Engine: Apache Tomcat/8.5.34
2021-03-18 18:30:45,994 INFO  [localhost-startStop-1] AprLifecycleListener: The APR based Apache Tomcat Native library which allows optimal performance in production environments was not found on the java.library.path: [D:\Softwares\SOFTWARE_BACKEND\Java\jdk1.8.0_171\bin;C:\WINDOWS\Sun\Java\bin;C:\WINDOWS\system32;C:\WINDOWS;C:\Program Files (x86)\Intel\iCLS Client\;C:\Program Files\Intel\iCLS Client\;C:\WINDOWS\system32;C:\WINDOWS;C:\WINDOWS\System32\Wbem;C:\WINDOWS\System32\WindowsPowerShell\v1.0\;C:\WINDOWS\System32\OpenSSH\;C:\Program Files (x86)\Intel\Intel(R) Management Engine Components\DAL;C:\Program Files\Intel\Intel(R) Management Engine Components\DAL;C:\Program Files (x86)\Intel\Intel(R) Management Engine Components\IPT;C:\Program Files\Intel\Intel(R) Management Engine Components\IPT;D:\Softwares\SOFTWARE_BACKEND\Java\jdk1.8.0_171\bin;C:\Program Files\Git\cmd;C:\Program Files\TortoiseGit\bin;C:\Program Files\nodejs\;C:\Users\P0103248\AppData\Local\Microsoft\WindowsApps;C:\Program Files\Microsoft VS Code\bin;D:\TASYS\angular\node-v14.15.4-win-x64\node-v14.15.4-win-x64;D:\Softwares\SOFTWARE_BACKEND\Java\jdk1.8.0_171\bin;D:\Softwares\SOFTWARE_BACKEND\Maven\apache-maven-3.5.2-bin\apache-maven-3.5.2\bin;;.]
2021-03-18 18:30:46,393 INFO  [localhost-startStop-1] [/]: Initializing Spring embedded WebApplicationContext
2021-03-18 18:30:46,394 INFO  [localhost-startStop-1] ContextLoader: Root WebApplicationContext: initialization completed in 4067 ms
2021-03-18 18:30:47,208 INFO  [localhost-startStop-1] ServletRegistrationBean: Servlet dispatcherServlet mapped to [/]
2021-03-18 18:30:47,221 INFO  [localhost-startStop-1] FilterRegistrationBean: Mapping filter: 'characterEncodingFilter' to: [/*]
2021-03-18 18:30:47,236 INFO  [localhost-startStop-1] FilterRegistrationBean: Mapping filter: 'hiddenHttpMethodFilter' to: [/*]
2021-03-18 18:30:47,237 INFO  [localhost-startStop-1] FilterRegistrationBean: Mapping filter: 'httpPutFormContentFilter' to: [/*]
2021-03-18 18:30:47,238 INFO  [localhost-startStop-1] FilterRegistrationBean: Mapping filter: 'requestContextFilter' to: [/*]
2021-03-18 18:30:47,579 INFO  [main] SimpleUrlHandlerMapping: Mapped URL path [/**/favicon.ico] onto handler of type [class org.springframework.web.servlet.resource.ResourceHttpRequestHandler]
2021-03-18 18:30:47,963 INFO  [main] RequestMappingHandlerAdapter: Looking for @ControllerAdvice: org.springframework.boot.web.servlet.context.AnnotationConfigServletWebServerApplicationContext@10e92f8f: startup date [Thu Mar 18 18:30:42 SGT 2021]; root of context hierarchy
2021-03-18 18:30:48,202 INFO  [main] RequestMappingHandlerMapping: Mapped "{[/employees/setloglevel/{loglevel}],methods=[GET]}" onto public void com.dbs.tasys.rest.controller.EmployeeController.setWarnLoglevel(java.lang.String)
2021-03-18 18:30:48,205 INFO  [main] RequestMappingHandlerMapping: Mapped "{[/employees/],methods=[POST],consumes=[application/json],produces=[application/json]}" onto public org.springframework.http.ResponseEntity<java.lang.Object> com.dbs.tasys.rest.controller.EmployeeController.addEmployee(java.lang.String,java.lang.String,com.dbs.tasys.model.Employee) throws java.lang.Exception
2021-03-18 18:30:48,206 INFO  [main] RequestMappingHandlerMapping: Mapped "{[/employees/],methods=[GET],produces=[application/json]}" onto public com.dbs.tasys.model.Employees com.dbs.tasys.rest.controller.EmployeeController.getEmployees()
2021-03-18 18:30:48,208 INFO  [main] RequestMappingHandlerMapping: Mapped "{[/log/setloglevel/{loglevel}],methods=[GET]}" onto public void com.dbs.tasys.rest.controller.LogController.setWarnLoglevel(java.lang.String)
2021-03-18 18:30:48,212 INFO  [main] RequestMappingHandlerMapping: Mapped "{[/error]}" onto public org.springframework.http.ResponseEntity<java.util.Map<java.lang.String, java.lang.Object>> org.springframework.boot.autoconfigure.web.servlet.error.BasicErrorController.error(javax.servlet.http.HttpServletRequest)
2021-03-18 18:30:48,214 INFO  [main] RequestMappingHandlerMapping: Mapped "{[/error],produces=[text/html]}" onto public org.springframework.web.servlet.ModelAndView org.springframework.boot.autoconfigure.web.servlet.error.BasicErrorController.errorHtml(javax.servlet.http.HttpServletRequest,javax.servlet.http.HttpServletResponse)
2021-03-18 18:30:48,256 INFO  [main] SimpleUrlHandlerMapping: Mapped URL path [/webjars/**] onto handler of type [class org.springframework.web.servlet.resource.ResourceHttpRequestHandler]
2021-03-18 18:30:48,256 INFO  [main] SimpleUrlHandlerMapping: Mapped URL path [/**] onto handler of type [class org.springframework.web.servlet.resource.ResourceHttpRequestHandler]
2021-03-18 18:30:48,315 INFO  [main] ExceptionHandlerExceptionResolver: Detected @ExceptionHandler methods in customExceptionHandler
2021-03-18 18:30:48,688 INFO  [main] AnnotationMBeanExporter: Registering beans for JMX exposure on startup
2021-03-18 18:30:48,904 INFO  [main] TomcatWebServer: Tomcat started on port(s): 8080 (http) with context path ''
2021-03-18 18:30:48,911 INFO  [main] SpringBootDemoApplication: Started SpringBootDemoApplication in 8.118 seconds (JVM running for 9.711)
2021-03-18 18:30:49,680 INFO  [http-nio-8080-exec-1] [/]: Initializing Spring FrameworkServlet 'dispatcherServlet'
2021-03-18 18:30:49,681 INFO  [http-nio-8080-exec-1] DispatcherServlet: FrameworkServlet 'dispatcherServlet': initialization started
2021-03-18 18:30:49,763 INFO  [http-nio-8080-exec-1] DispatcherServlet: FrameworkServlet 'dispatcherServlet': initialization completed in 82 ms
2021-03-18 18:30:49,812 INFO  [http-nio-8080-exec-1] EmployeeDAO: doStuff took input - test
2021-03-18 18:30:49,812 WARN  [http-nio-8080-exec-1] EmployeeDAO: doStuff needed to warn - test
2021-03-18 18:30:49,813 ERROR [http-nio-8080-exec-1] EmployeeDAO: doStuff encountered an error with value - test
2021-03-18 18:34:15,014 INFO  [main] SpringBootDemoApplication: Starting SpringBootDemoApplication on NCS-240619KK16 with PID 19468 (D:\TASYS\POC\logback+springboot1\springbootrestdemo\springbootrestdemo\target\classes started by P0103248 in D:\TASYS\POC\logback+springboot1\springbootrestdemo\springbootrestdemo)
2021-03-18 18:34:15,032 INFO  [main] SpringBootDemoApplication: No active profile set, falling back to default profiles: default
2021-03-18 18:34:15,143 INFO  [main] AnnotationConfigServletWebServerApplicationContext: Refreshing org.springframework.boot.web.servlet.context.AnnotationConfigServletWebServerApplicationContext@35047d03: startup date [Thu Mar 18 18:34:15 SGT 2021]; root of context hierarchy
2021-03-18 18:34:18,901 INFO  [main] TomcatWebServer: Tomcat initialized with port(s): 8080 (http)
2021-03-18 18:34:18,945 INFO  [main] StandardService: Starting service [Tomcat]
2021-03-18 18:34:18,946 INFO  [main] StandardEngine: Starting Servlet Engine: Apache Tomcat/8.5.34
2021-03-18 18:34:18,962 INFO  [localhost-startStop-1] AprLifecycleListener: The APR based Apache Tomcat Native library which allows optimal performance in production environments was not found on the java.library.path: [D:\Softwares\SOFTWARE_BACKEND\Java\jdk1.8.0_171\bin;C:\WINDOWS\Sun\Java\bin;C:\WINDOWS\system32;C:\WINDOWS;C:\Program Files (x86)\Intel\iCLS Client\;C:\Program Files\Intel\iCLS Client\;C:\WINDOWS\system32;C:\WINDOWS;C:\WINDOWS\System32\Wbem;C:\WINDOWS\System32\WindowsPowerShell\v1.0\;C:\WINDOWS\System32\OpenSSH\;C:\Program Files (x86)\Intel\Intel(R) Management Engine Components\DAL;C:\Program Files\Intel\Intel(R) Management Engine Components\DAL;C:\Program Files (x86)\Intel\Intel(R) Management Engine Components\IPT;C:\Program Files\Intel\Intel(R) Management Engine Components\IPT;D:\Softwares\SOFTWARE_BACKEND\Java\jdk1.8.0_171\bin;C:\Program Files\Git\cmd;C:\Program Files\TortoiseGit\bin;C:\Program Files\nodejs\;C:\Users\P0103248\AppData\Local\Microsoft\WindowsApps;C:\Program Files\Microsoft VS Code\bin;D:\TASYS\angular\node-v14.15.4-win-x64\node-v14.15.4-win-x64;D:\Softwares\SOFTWARE_BACKEND\Java\jdk1.8.0_171\bin;D:\Softwares\SOFTWARE_BACKEND\Maven\apache-maven-3.5.2-bin\apache-maven-3.5.2\bin;;.]
2021-03-18 18:34:19,369 INFO  [localhost-startStop-1] [/]: Initializing Spring embedded WebApplicationContext
2021-03-18 18:34:19,370 INFO  [localhost-startStop-1] ContextLoader: Root WebApplicationContext: initialization completed in 4227 ms
2021-03-18 18:34:19,563 INFO  [localhost-startStop-1] ServletRegistrationBean: Servlet dispatcherServlet mapped to [/]
2021-03-18 18:34:19,563 INFO  [localhost-startStop-1] FilterRegistrationBean: Mapping filter: 'characterEncodingFilter' to: [/*]
2021-03-18 18:34:19,573 INFO  [localhost-startStop-1] FilterRegistrationBean: Mapping filter: 'hiddenHttpMethodFilter' to: [/*]
2021-03-18 18:34:19,573 INFO  [localhost-startStop-1] FilterRegistrationBean: Mapping filter: 'httpPutFormContentFilter' to: [/*]
2021-03-18 18:34:19,573 INFO  [localhost-startStop-1] FilterRegistrationBean: Mapping filter: 'requestContextFilter' to: [/*]
2021-03-18 18:34:19,815 INFO  [main] SimpleUrlHandlerMapping: Mapped URL path [/**/favicon.ico] onto handler of type [class org.springframework.web.servlet.resource.ResourceHttpRequestHandler]
2021-03-18 18:34:20,107 INFO  [main] RequestMappingHandlerAdapter: Looking for @ControllerAdvice: org.springframework.boot.web.servlet.context.AnnotationConfigServletWebServerApplicationContext@35047d03: startup date [Thu Mar 18 18:34:15 SGT 2021]; root of context hierarchy
2021-03-18 18:34:20,306 INFO  [main] RequestMappingHandlerMapping: Mapped "{[/employees/setloglevel/{loglevel}],methods=[GET]}" onto public void com.dbs.tasys.rest.controller.EmployeeController.setWarnLoglevel(java.lang.String)
2021-03-18 18:34:20,308 INFO  [main] RequestMappingHandlerMapping: Mapped "{[/employees/],methods=[POST],consumes=[application/json],produces=[application/json]}" onto public org.springframework.http.ResponseEntity<java.lang.Object> com.dbs.tasys.rest.controller.EmployeeController.addEmployee(java.lang.String,java.lang.String,com.dbs.tasys.model.Employee) throws java.lang.Exception
2021-03-18 18:34:20,308 INFO  [main] RequestMappingHandlerMapping: Mapped "{[/employees/],methods=[GET],produces=[application/json]}" onto public com.dbs.tasys.model.Employees com.dbs.tasys.rest.controller.EmployeeController.getEmployees()
2021-03-18 18:34:20,308 INFO  [main] RequestMappingHandlerMapping: Mapped "{[/log/setloglevel/{loglevel}],methods=[GET]}" onto public void com.dbs.tasys.rest.controller.LogController.setWarnLoglevel(java.lang.String)
2021-03-18 18:34:20,329 INFO  [main] RequestMappingHandlerMapping: Mapped "{[/error]}" onto public org.springframework.http.ResponseEntity<java.util.Map<java.lang.String, java.lang.Object>> org.springframework.boot.autoconfigure.web.servlet.error.BasicErrorController.error(javax.servlet.http.HttpServletRequest)
2021-03-18 18:34:20,329 INFO  [main] RequestMappingHandlerMapping: Mapped "{[/error],produces=[text/html]}" onto public org.springframework.web.servlet.ModelAndView org.springframework.boot.autoconfigure.web.servlet.error.BasicErrorController.errorHtml(javax.servlet.http.HttpServletRequest,javax.servlet.http.HttpServletResponse)
2021-03-18 18:34:20,389 INFO  [main] SimpleUrlHandlerMapping: Mapped URL path [/webjars/**] onto handler of type [class org.springframework.web.servlet.resource.ResourceHttpRequestHandler]
2021-03-18 18:34:20,389 INFO  [main] SimpleUrlHandlerMapping: Mapped URL path [/**] onto handler of type [class org.springframework.web.servlet.resource.ResourceHttpRequestHandler]
2021-03-18 18:34:20,439 INFO  [main] ExceptionHandlerExceptionResolver: Detected @ExceptionHandler methods in customExceptionHandler
2021-03-18 18:34:20,688 INFO  [main] AnnotationMBeanExporter: Registering beans for JMX exposure on startup
2021-03-18 18:34:20,933 INFO  [main] TomcatWebServer: Tomcat started on port(s): 8080 (http) with context path ''
2021-03-18 18:34:20,939 INFO  [main] SpringBootDemoApplication: Started SpringBootDemoApplication in 7.078 seconds (JVM running for 8.643)
2021-03-18 18:34:49,940 INFO  [http-nio-8080-exec-10] [/]: Initializing Spring FrameworkServlet 'dispatcherServlet'
2021-03-18 18:34:49,941 INFO  [http-nio-8080-exec-10] DispatcherServlet: FrameworkServlet 'dispatcherServlet': initialization started
2021-03-18 18:34:50,030 INFO  [http-nio-8080-exec-10] DispatcherServlet: FrameworkServlet 'dispatcherServlet': initialization completed in 88 ms
2021-03-18 18:37:54,211 INFO  [main] SpringBootDemoApplication: Starting SpringBootDemoApplication on NCS-240619KK16 with PID 20468 (D:\TASYS\POC\logback+springboot1\springbootrestdemo\springbootrestdemo\target\classes started by P0103248 in D:\TASYS\POC\logback+springboot1\springbootrestdemo\springbootrestdemo)
2021-03-18 18:37:54,220 INFO  [main] SpringBootDemoApplication: No active profile set, falling back to default profiles: default
2021-03-18 18:37:54,380 INFO  [main] AnnotationConfigServletWebServerApplicationContext: Refreshing org.springframework.boot.web.servlet.context.AnnotationConfigServletWebServerApplicationContext@4a22f9e2: startup date [Thu Mar 18 18:37:54 SGT 2021]; root of context hierarchy
2021-03-18 18:37:58,360 INFO  [main] TomcatWebServer: Tomcat initialized with port(s): 8080 (http)
2021-03-18 18:37:58,395 INFO  [main] StandardService: Starting service [Tomcat]
2021-03-18 18:37:58,395 INFO  [main] StandardEngine: Starting Servlet Engine: Apache Tomcat/8.5.34
2021-03-18 18:37:58,412 INFO  [localhost-startStop-1] AprLifecycleListener: The APR based Apache Tomcat Native library which allows optimal performance in production environments was not found on the java.library.path: [D:\Softwares\SOFTWARE_BACKEND\Java\jdk1.8.0_171\bin;C:\WINDOWS\Sun\Java\bin;C:\WINDOWS\system32;C:\WINDOWS;C:\Program Files (x86)\Intel\iCLS Client\;C:\Program Files\Intel\iCLS Client\;C:\WINDOWS\system32;C:\WINDOWS;C:\WINDOWS\System32\Wbem;C:\WINDOWS\System32\WindowsPowerShell\v1.0\;C:\WINDOWS\System32\OpenSSH\;C:\Program Files (x86)\Intel\Intel(R) Management Engine Components\DAL;C:\Program Files\Intel\Intel(R) Management Engine Components\DAL;C:\Program Files (x86)\Intel\Intel(R) Management Engine Components\IPT;C:\Program Files\Intel\Intel(R) Management Engine Components\IPT;D:\Softwares\SOFTWARE_BACKEND\Java\jdk1.8.0_171\bin;C:\Program Files\Git\cmd;C:\Program Files\TortoiseGit\bin;C:\Program Files\nodejs\;C:\Users\P0103248\AppData\Local\Microsoft\WindowsApps;C:\Program Files\Microsoft VS Code\bin;D:\TASYS\angular\node-v14.15.4-win-x64\node-v14.15.4-win-x64;D:\Softwares\SOFTWARE_BACKEND\Java\jdk1.8.0_171\bin;D:\Softwares\SOFTWARE_BACKEND\Maven\apache-maven-3.5.2-bin\apache-maven-3.5.2\bin;;.]
2021-03-18 18:37:58,803 INFO  [localhost-startStop-1] [/]: Initializing Spring embedded WebApplicationContext
2021-03-18 18:37:58,805 INFO  [localhost-startStop-1] ContextLoader: Root WebApplicationContext: initialization completed in 4425 ms
2021-03-18 18:37:59,074 INFO  [localhost-startStop-1] ServletRegistrationBean: Servlet dispatcherServlet mapped to [/]
2021-03-18 18:37:59,087 INFO  [localhost-startStop-1] FilterRegistrationBean: Mapping filter: 'characterEncodingFilter' to: [/*]
2021-03-18 18:37:59,088 INFO  [localhost-startStop-1] FilterRegistrationBean: Mapping filter: 'hiddenHttpMethodFilter' to: [/*]
2021-03-18 18:37:59,096 INFO  [localhost-startStop-1] FilterRegistrationBean: Mapping filter: 'httpPutFormContentFilter' to: [/*]
2021-03-18 18:37:59,102 INFO  [localhost-startStop-1] FilterRegistrationBean: Mapping filter: 'requestContextFilter' to: [/*]
2021-03-18 18:37:59,389 INFO  [main] SimpleUrlHandlerMapping: Mapped URL path [/**/favicon.ico] onto handler of type [class org.springframework.web.servlet.resource.ResourceHttpRequestHandler]
2021-03-18 18:37:59,692 INFO  [main] RequestMappingHandlerAdapter: Looking for @ControllerAdvice: org.springframework.boot.web.servlet.context.AnnotationConfigServletWebServerApplicationContext@4a22f9e2: startup date [Thu Mar 18 18:37:54 SGT 2021]; root of context hierarchy
2021-03-18 18:37:59,856 INFO  [main] RequestMappingHandlerMapping: Mapped "{[/employees/setloglevel/{loglevel}],methods=[GET]}" onto public void com.dbs.tasys.rest.controller.EmployeeController.setWarnLoglevel(java.lang.String)
2021-03-18 18:37:59,856 INFO  [main] RequestMappingHandlerMapping: Mapped "{[/employees/],methods=[POST],consumes=[application/json],produces=[application/json]}" onto public org.springframework.http.ResponseEntity<java.lang.Object> com.dbs.tasys.rest.controller.EmployeeController.addEmployee(java.lang.String,java.lang.String,com.dbs.tasys.model.Employee) throws java.lang.Exception
2021-03-18 18:37:59,856 INFO  [main] RequestMappingHandlerMapping: Mapped "{[/employees/],methods=[GET],produces=[application/json]}" onto public com.dbs.tasys.model.Employees com.dbs.tasys.rest.controller.EmployeeController.getEmployees()
2021-03-18 18:37:59,864 INFO  [main] RequestMappingHandlerMapping: Mapped "{[/log/setloglevel/{loglevel}],methods=[GET]}" onto public void com.dbs.tasys.rest.controller.LogController.setWarnLoglevel(java.lang.String)
2021-03-18 18:37:59,866 INFO  [main] RequestMappingHandlerMapping: Mapped "{[/error]}" onto public org.springframework.http.ResponseEntity<java.util.Map<java.lang.String, java.lang.Object>> org.springframework.boot.autoconfigure.web.servlet.error.BasicErrorController.error(javax.servlet.http.HttpServletRequest)
2021-03-18 18:37:59,866 INFO  [main] RequestMappingHandlerMapping: Mapped "{[/error],produces=[text/html]}" onto public org.springframework.web.servlet.ModelAndView org.springframework.boot.autoconfigure.web.servlet.error.BasicErrorController.errorHtml(javax.servlet.http.HttpServletRequest,javax.servlet.http.HttpServletResponse)
2021-03-18 18:37:59,904 INFO  [main] SimpleUrlHandlerMapping: Mapped URL path [/webjars/**] onto handler of type [class org.springframework.web.servlet.resource.ResourceHttpRequestHandler]
2021-03-18 18:37:59,904 INFO  [main] SimpleUrlHandlerMapping: Mapped URL path [/**] onto handler of type [class org.springframework.web.servlet.resource.ResourceHttpRequestHandler]
2021-03-18 18:37:59,926 INFO  [main] ExceptionHandlerExceptionResolver: Detected @ExceptionHandler methods in customExceptionHandler
2021-03-18 18:38:00,249 INFO  [main] AnnotationMBeanExporter: Registering beans for JMX exposure on startup
2021-03-18 18:38:00,481 INFO  [main] TomcatWebServer: Tomcat started on port(s): 8080 (http) with context path ''
2021-03-18 18:38:00,489 INFO  [main] SpringBootDemoApplication: Started SpringBootDemoApplication in 7.964 seconds (JVM running for 9.798)
2021-03-18 18:41:36,841 INFO  [main] SpringBootDemoApplication: Starting SpringBootDemoApplication on NCS-240619KK16 with PID 17260 (D:\TASYS\POC\logback+springboot1\springbootrestdemo\springbootrestdemo\target\classes started by P0103248 in D:\TASYS\POC\logback+springboot1\springbootrestdemo\springbootrestdemo)
2021-03-18 18:41:36,850 INFO  [main] SpringBootDemoApplication: No active profile set, falling back to default profiles: default
2021-03-18 18:41:36,997 INFO  [main] AnnotationConfigServletWebServerApplicationContext: Refreshing org.springframework.boot.web.servlet.context.AnnotationConfigServletWebServerApplicationContext@3d680b5a: startup date [Thu Mar 18 18:41:36 SGT 2021]; root of context hierarchy
2021-03-18 18:41:41,524 INFO  [main] TomcatWebServer: Tomcat initialized with port(s): 8080 (http)
2021-03-18 18:41:41,571 INFO  [main] StandardService: Starting service [Tomcat]
2021-03-18 18:41:41,572 INFO  [main] StandardEngine: Starting Servlet Engine: Apache Tomcat/8.5.34
2021-03-18 18:41:41,591 INFO  [localhost-startStop-1] AprLifecycleListener: The APR based Apache Tomcat Native library which allows optimal performance in production environments was not found on the java.library.path: [D:\Softwares\SOFTWARE_BACKEND\Java\jdk1.8.0_171\bin;C:\WINDOWS\Sun\Java\bin;C:\WINDOWS\system32;C:\WINDOWS;C:\Program Files (x86)\Intel\iCLS Client\;C:\Program Files\Intel\iCLS Client\;C:\WINDOWS\system32;C:\WINDOWS;C:\WINDOWS\System32\Wbem;C:\WINDOWS\System32\WindowsPowerShell\v1.0\;C:\WINDOWS\System32\OpenSSH\;C:\Program Files (x86)\Intel\Intel(R) Management Engine Components\DAL;C:\Program Files\Intel\Intel(R) Management Engine Components\DAL;C:\Program Files (x86)\Intel\Intel(R) Management Engine Components\IPT;C:\Program Files\Intel\Intel(R) Management Engine Components\IPT;D:\Softwares\SOFTWARE_BACKEND\Java\jdk1.8.0_171\bin;C:\Program Files\Git\cmd;C:\Program Files\TortoiseGit\bin;C:\Program Files\nodejs\;C:\Users\P0103248\AppData\Local\Microsoft\WindowsApps;C:\Program Files\Microsoft VS Code\bin;D:\TASYS\angular\node-v14.15.4-win-x64\node-v14.15.4-win-x64;D:\Softwares\SOFTWARE_BACKEND\Java\jdk1.8.0_171\bin;D:\Softwares\SOFTWARE_BACKEND\Maven\apache-maven-3.5.2-bin\apache-maven-3.5.2\bin;;.]
2021-03-18 18:41:42,027 INFO  [localhost-startStop-1] [/]: Initializing Spring embedded WebApplicationContext
2021-03-18 18:41:42,028 INFO  [localhost-startStop-1] ContextLoader: Root WebApplicationContext: initialization completed in 5031 ms
2021-03-18 18:41:42,347 INFO  [localhost-startStop-1] ServletRegistrationBean: Servlet dispatcherServlet mapped to [/]
2021-03-18 18:41:42,355 INFO  [localhost-startStop-1] FilterRegistrationBean: Mapping filter: 'characterEncodingFilter' to: [/*]
2021-03-18 18:41:42,356 INFO  [localhost-startStop-1] FilterRegistrationBean: Mapping filter: 'hiddenHttpMethodFilter' to: [/*]
2021-03-18 18:41:42,361 INFO  [localhost-startStop-1] FilterRegistrationBean: Mapping filter: 'httpPutFormContentFilter' to: [/*]
2021-03-18 18:41:42,361 INFO  [localhost-startStop-1] FilterRegistrationBean: Mapping filter: 'requestContextFilter' to: [/*]
2021-03-18 18:41:42,644 INFO  [main] SimpleUrlHandlerMapping: Mapped URL path [/**/favicon.ico] onto handler of type [class org.springframework.web.servlet.resource.ResourceHttpRequestHandler]
2021-03-18 18:41:42,899 INFO  [main] RequestMappingHandlerAdapter: Looking for @ControllerAdvice: org.springframework.boot.web.servlet.context.AnnotationConfigServletWebServerApplicationContext@3d680b5a: startup date [Thu Mar 18 18:41:36 SGT 2021]; root of context hierarchy
2021-03-18 18:41:43,082 INFO  [main] RequestMappingHandlerMapping: Mapped "{[/employees/],methods=[POST],consumes=[application/json],produces=[application/json]}" onto public org.springframework.http.ResponseEntity<java.lang.Object> com.dbs.tasys.rest.controller.EmployeeController.addEmployee(java.lang.String,java.lang.String,com.dbs.tasys.model.Employee) throws java.lang.Exception
2021-03-18 18:41:43,086 INFO  [main] RequestMappingHandlerMapping: Mapped "{[/employees/],methods=[GET],produces=[application/json]}" onto public com.dbs.tasys.model.Employees com.dbs.tasys.rest.controller.EmployeeController.getEmployees()
2021-03-18 18:41:43,087 INFO  [main] RequestMappingHandlerMapping: Mapped "{[/employees/setloglevel/{loglevel}],methods=[GET]}" onto public void com.dbs.tasys.rest.controller.EmployeeController.setWarnLoglevel(java.lang.String)
2021-03-18 18:41:43,089 INFO  [main] RequestMappingHandlerMapping: Mapped "{[/log/setloglevel/{loglevel}],methods=[GET]}" onto public void com.dbs.tasys.rest.controller.LogController.setWarnLoglevel(java.lang.String)
2021-03-18 18:41:43,095 INFO  [main] RequestMappingHandlerMapping: Mapped "{[/error]}" onto public org.springframework.http.ResponseEntity<java.util.Map<java.lang.String, java.lang.Object>> org.springframework.boot.autoconfigure.web.servlet.error.BasicErrorController.error(javax.servlet.http.HttpServletRequest)
2021-03-18 18:41:43,096 INFO  [main] RequestMappingHandlerMapping: Mapped "{[/error],produces=[text/html]}" onto public org.springframework.web.servlet.ModelAndView org.springframework.boot.autoconfigure.web.servlet.error.BasicErrorController.errorHtml(javax.servlet.http.HttpServletRequest,javax.servlet.http.HttpServletResponse)
2021-03-18 18:41:43,260 INFO  [main] SimpleUrlHandlerMapping: Mapped URL path [/webjars/**] onto handler of type [class org.springframework.web.servlet.resource.ResourceHttpRequestHandler]
2021-03-18 18:41:43,261 INFO  [main] SimpleUrlHandlerMapping: Mapped URL path [/**] onto handler of type [class org.springframework.web.servlet.resource.ResourceHttpRequestHandler]
2021-03-18 18:41:43,283 INFO  [main] ExceptionHandlerExceptionResolver: Detected @ExceptionHandler methods in customExceptionHandler
2021-03-18 18:41:43,491 INFO  [main] AnnotationMBeanExporter: Registering beans for JMX exposure on startup
2021-03-18 18:41:43,752 INFO  [main] TomcatWebServer: Tomcat started on port(s): 8080 (http) with context path ''
2021-03-18 18:41:43,758 INFO  [main] SpringBootDemoApplication: Started SpringBootDemoApplication in 8.035 seconds (JVM running for 9.646)
2021-03-18 18:42:37,063 INFO  [http-nio-8080-exec-7] [/]: Initializing Spring FrameworkServlet 'dispatcherServlet'
2021-03-18 18:42:37,063 INFO  [http-nio-8080-exec-7] DispatcherServlet: FrameworkServlet 'dispatcherServlet': initialization started
2021-03-18 18:42:37,124 INFO  [http-nio-8080-exec-7] DispatcherServlet: FrameworkServlet 'dispatcherServlet': initialization completed in 60 ms
2021-03-18 18:42:41,510 INFO  [http-nio-8080-exec-2] EmployeeDAO: doStuff took input - test
2021-03-18 18:42:41,511 WARN  [http-nio-8080-exec-2] EmployeeDAO: doStuff needed to warn - test
2021-03-18 18:42:41,511 ERROR [http-nio-8080-exec-2] EmployeeDAO: doStuff encountered an error with value - test
2021-03-18 18:46:22,330 INFO  [main] SpringBootDemoApplication: Starting SpringBootDemoApplication on NCS-240619KK16 with PID 18620 (D:\TASYS\POC\logback+springboot1\springbootrestdemo\springbootrestdemo\target\classes started by P0103248 in D:\TASYS\POC\logback+springboot1\springbootrestdemo\springbootrestdemo)
2021-03-18 18:46:22,352 INFO  [main] SpringBootDemoApplication: No active profile set, falling back to default profiles: default
2021-03-18 18:46:22,478 INFO  [main] AnnotationConfigServletWebServerApplicationContext: Refreshing org.springframework.boot.web.servlet.context.AnnotationConfigServletWebServerApplicationContext@470f1802: startup date [Thu Mar 18 18:46:22 SGT 2021]; root of context hierarchy
2021-03-18 18:46:27,470 INFO  [main] TomcatWebServer: Tomcat initialized with port(s): 8080 (http)
2021-03-18 18:46:27,527 INFO  [main] StandardService: Starting service [Tomcat]
2021-03-18 18:46:27,529 INFO  [main] StandardEngine: Starting Servlet Engine: Apache Tomcat/8.5.34
2021-03-18 18:46:27,556 INFO  [localhost-startStop-1] AprLifecycleListener: The APR based Apache Tomcat Native library which allows optimal performance in production environments was not found on the java.library.path: [D:\Softwares\SOFTWARE_BACKEND\Java\jdk1.8.0_171\bin;C:\WINDOWS\Sun\Java\bin;C:\WINDOWS\system32;C:\WINDOWS;C:\Program Files (x86)\Intel\iCLS Client\;C:\Program Files\Intel\iCLS Client\;C:\WINDOWS\system32;C:\WINDOWS;C:\WINDOWS\System32\Wbem;C:\WINDOWS\System32\WindowsPowerShell\v1.0\;C:\WINDOWS\System32\OpenSSH\;C:\Program Files (x86)\Intel\Intel(R) Management Engine Components\DAL;C:\Program Files\Intel\Intel(R) Management Engine Components\DAL;C:\Program Files (x86)\Intel\Intel(R) Management Engine Components\IPT;C:\Program Files\Intel\Intel(R) Management Engine Components\IPT;D:\Softwares\SOFTWARE_BACKEND\Java\jdk1.8.0_171\bin;C:\Program Files\Git\cmd;C:\Program Files\TortoiseGit\bin;C:\Program Files\nodejs\;C:\Users\P0103248\AppData\Local\Microsoft\WindowsApps;C:\Program Files\Microsoft VS Code\bin;D:\TASYS\angular\node-v14.15.4-win-x64\node-v14.15.4-win-x64;D:\Softwares\SOFTWARE_BACKEND\Java\jdk1.8.0_171\bin;D:\Softwares\SOFTWARE_BACKEND\Maven\apache-maven-3.5.2-bin\apache-maven-3.5.2\bin;;.]
2021-03-18 18:46:28,076 INFO  [localhost-startStop-1] [/]: Initializing Spring embedded WebApplicationContext
2021-03-18 18:46:28,082 INFO  [localhost-startStop-1] ContextLoader: Root WebApplicationContext: initialization completed in 5605 ms
2021-03-18 18:46:28,378 INFO  [localhost-startStop-1] ServletRegistrationBean: Servlet dispatcherServlet mapped to [/]
2021-03-18 18:46:28,386 INFO  [localhost-startStop-1] FilterRegistrationBean: Mapping filter: 'characterEncodingFilter' to: [/*]
2021-03-18 18:46:28,386 INFO  [localhost-startStop-1] FilterRegistrationBean: Mapping filter: 'hiddenHttpMethodFilter' to: [/*]
2021-03-18 18:46:28,387 INFO  [localhost-startStop-1] FilterRegistrationBean: Mapping filter: 'httpPutFormContentFilter' to: [/*]
2021-03-18 18:46:28,388 INFO  [localhost-startStop-1] FilterRegistrationBean: Mapping filter: 'requestContextFilter' to: [/*]
2021-03-18 18:46:28,920 INFO  [main] SimpleUrlHandlerMapping: Mapped URL path [/**/favicon.ico] onto handler of type [class org.springframework.web.servlet.resource.ResourceHttpRequestHandler]
2021-03-18 18:46:29,348 INFO  [main] RequestMappingHandlerAdapter: Looking for @ControllerAdvice: org.springframework.boot.web.servlet.context.AnnotationConfigServletWebServerApplicationContext@470f1802: startup date [Thu Mar 18 18:46:22 SGT 2021]; root of context hierarchy
2021-03-18 18:46:29,551 INFO  [main] RequestMappingHandlerMapping: Mapped "{[/employees/],methods=[POST],consumes=[application/json],produces=[application/json]}" onto public org.springframework.http.ResponseEntity<java.lang.Object> com.dbs.tasys.rest.controller.EmployeeController.addEmployee(java.lang.String,java.lang.String,com.dbs.tasys.model.Employee) throws java.lang.Exception
2021-03-18 18:46:29,571 INFO  [main] RequestMappingHandlerMapping: Mapped "{[/employees/],methods=[GET],produces=[application/json]}" onto public com.dbs.tasys.model.Employees com.dbs.tasys.rest.controller.EmployeeController.getEmployees()
2021-03-18 18:46:29,572 INFO  [main] RequestMappingHandlerMapping: Mapped "{[/employees/setloglevel/{loglevel}],methods=[GET]}" onto public void com.dbs.tasys.rest.controller.EmployeeController.setWarnLoglevel(java.lang.String)
2021-03-18 18:46:29,575 INFO  [main] RequestMappingHandlerMapping: Mapped "{[/log/setloglevel/{loglevel}],methods=[GET]}" onto public void com.dbs.tasys.rest.controller.LogController.setWarnLoglevel(java.lang.String)
2021-03-18 18:46:29,580 INFO  [main] RequestMappingHandlerMapping: Mapped "{[/error]}" onto public org.springframework.http.ResponseEntity<java.util.Map<java.lang.String, java.lang.Object>> org.springframework.boot.autoconfigure.web.servlet.error.BasicErrorController.error(javax.servlet.http.HttpServletRequest)
2021-03-18 18:46:29,583 INFO  [main] RequestMappingHandlerMapping: Mapped "{[/error],produces=[text/html]}" onto public org.springframework.web.servlet.ModelAndView org.springframework.boot.autoconfigure.web.servlet.error.BasicErrorController.errorHtml(javax.servlet.http.HttpServletRequest,javax.servlet.http.HttpServletResponse)
2021-03-18 18:46:29,636 INFO  [main] SimpleUrlHandlerMapping: Mapped URL path [/webjars/**] onto handler of type [class org.springframework.web.servlet.resource.ResourceHttpRequestHandler]
2021-03-18 18:46:29,636 INFO  [main] SimpleUrlHandlerMapping: Mapped URL path [/**] onto handler of type [class org.springframework.web.servlet.resource.ResourceHttpRequestHandler]
2021-03-18 18:46:29,667 INFO  [main] ExceptionHandlerExceptionResolver: Detected @ExceptionHandler methods in customExceptionHandler
2021-03-18 18:46:30,042 INFO  [main] AnnotationMBeanExporter: Registering beans for JMX exposure on startup
2021-03-18 18:46:30,351 INFO  [main] TomcatWebServer: Tomcat started on port(s): 8080 (http) with context path ''
2021-03-18 18:46:30,357 INFO  [main] SpringBootDemoApplication: Started SpringBootDemoApplication in 9.27 seconds (JVM running for 11.047)
2021-03-18 18:47:03,150 INFO  [main] SpringBootDemoApplication: Starting SpringBootDemoApplication on NCS-240619KK16 with PID 22488 (D:\TASYS\POC\logback+springboot1\springbootrestdemo\springbootrestdemo\target\classes started by P0103248 in D:\TASYS\POC\logback+springboot1\springbootrestdemo\springbootrestdemo)
2021-03-18 18:47:03,165 INFO  [main] SpringBootDemoApplication: No active profile set, falling back to default profiles: default
2021-03-18 18:47:03,294 INFO  [main] AnnotationConfigServletWebServerApplicationContext: Refreshing org.springframework.boot.web.servlet.context.AnnotationConfigServletWebServerApplicationContext@470f1802: startup date [Thu Mar 18 18:47:03 SGT 2021]; root of context hierarchy
2021-03-18 18:47:07,434 INFO  [main] TomcatWebServer: Tomcat initialized with port(s): 8080 (http)
2021-03-18 18:47:07,486 INFO  [main] StandardService: Starting service [Tomcat]
2021-03-18 18:47:07,486 INFO  [main] StandardEngine: Starting Servlet Engine: Apache Tomcat/8.5.34
2021-03-18 18:47:07,517 INFO  [localhost-startStop-1] AprLifecycleListener: The APR based Apache Tomcat Native library which allows optimal performance in production environments was not found on the java.library.path: [D:\Softwares\SOFTWARE_BACKEND\Java\jdk1.8.0_171\bin;C:\WINDOWS\Sun\Java\bin;C:\WINDOWS\system32;C:\WINDOWS;C:\Program Files (x86)\Intel\iCLS Client\;C:\Program Files\Intel\iCLS Client\;C:\WINDOWS\system32;C:\WINDOWS;C:\WINDOWS\System32\Wbem;C:\WINDOWS\System32\WindowsPowerShell\v1.0\;C:\WINDOWS\System32\OpenSSH\;C:\Program Files (x86)\Intel\Intel(R) Management Engine Components\DAL;C:\Program Files\Intel\Intel(R) Management Engine Components\DAL;C:\Program Files (x86)\Intel\Intel(R) Management Engine Components\IPT;C:\Program Files\Intel\Intel(R) Management Engine Components\IPT;D:\Softwares\SOFTWARE_BACKEND\Java\jdk1.8.0_171\bin;C:\Program Files\Git\cmd;C:\Program Files\TortoiseGit\bin;C:\Program Files\nodejs\;C:\Users\P0103248\AppData\Local\Microsoft\WindowsApps;C:\Program Files\Microsoft VS Code\bin;D:\TASYS\angular\node-v14.15.4-win-x64\node-v14.15.4-win-x64;D:\Softwares\SOFTWARE_BACKEND\Java\jdk1.8.0_171\bin;D:\Softwares\SOFTWARE_BACKEND\Maven\apache-maven-3.5.2-bin\apache-maven-3.5.2\bin;;.]
2021-03-18 18:47:08,292 INFO  [localhost-startStop-1] [/]: Initializing Spring embedded WebApplicationContext
2021-03-18 18:47:08,293 INFO  [localhost-startStop-1] ContextLoader: Root WebApplicationContext: initialization completed in 4999 ms
2021-03-18 18:47:08,524 INFO  [localhost-startStop-1] ServletRegistrationBean: Servlet dispatcherServlet mapped to [/]
2021-03-18 18:47:08,531 INFO  [localhost-startStop-1] FilterRegistrationBean: Mapping filter: 'characterEncodingFilter' to: [/*]
2021-03-18 18:47:08,532 INFO  [localhost-startStop-1] FilterRegistrationBean: Mapping filter: 'hiddenHttpMethodFilter' to: [/*]
2021-03-18 18:47:08,539 INFO  [localhost-startStop-1] FilterRegistrationBean: Mapping filter: 'httpPutFormContentFilter' to: [/*]
2021-03-18 18:47:08,540 INFO  [localhost-startStop-1] FilterRegistrationBean: Mapping filter: 'requestContextFilter' to: [/*]
2021-03-18 18:47:08,863 INFO  [main] SimpleUrlHandlerMapping: Mapped URL path [/**/favicon.ico] onto handler of type [class org.springframework.web.servlet.resource.ResourceHttpRequestHandler]
2021-03-18 18:47:09,176 INFO  [main] RequestMappingHandlerAdapter: Looking for @ControllerAdvice: org.springframework.boot.web.servlet.context.AnnotationConfigServletWebServerApplicationContext@470f1802: startup date [Thu Mar 18 18:47:03 SGT 2021]; root of context hierarchy
2021-03-18 18:47:09,410 INFO  [main] RequestMappingHandlerMapping: Mapped "{[/employees/],methods=[POST],consumes=[application/json],produces=[application/json]}" onto public org.springframework.http.ResponseEntity<java.lang.Object> com.dbs.tasys.rest.controller.EmployeeController.addEmployee(java.lang.String,java.lang.String,com.dbs.tasys.model.Employee) throws java.lang.Exception
2021-03-18 18:47:09,415 INFO  [main] RequestMappingHandlerMapping: Mapped "{[/employees/setloglevel/{loglevel}],methods=[GET]}" onto public void com.dbs.tasys.rest.controller.EmployeeController.setWarnLoglevel(java.lang.String)
2021-03-18 18:47:09,416 INFO  [main] RequestMappingHandlerMapping: Mapped "{[/employees/],methods=[GET],produces=[application/json]}" onto public com.dbs.tasys.model.Employees com.dbs.tasys.rest.controller.EmployeeController.getEmployees()
2021-03-18 18:47:09,425 INFO  [main] RequestMappingHandlerMapping: Mapped "{[/log/setloglevel/{loglevel}],methods=[GET]}" onto public void com.dbs.tasys.rest.controller.LogController.setWarnLoglevel(java.lang.String)
2021-03-18 18:47:09,439 INFO  [main] RequestMappingHandlerMapping: Mapped "{[/error]}" onto public org.springframework.http.ResponseEntity<java.util.Map<java.lang.String, java.lang.Object>> org.springframework.boot.autoconfigure.web.servlet.error.BasicErrorController.error(javax.servlet.http.HttpServletRequest)
2021-03-18 18:47:09,441 INFO  [main] RequestMappingHandlerMapping: Mapped "{[/error],produces=[text/html]}" onto public org.springframework.web.servlet.ModelAndView org.springframework.boot.autoconfigure.web.servlet.error.BasicErrorController.errorHtml(javax.servlet.http.HttpServletRequest,javax.servlet.http.HttpServletResponse)
2021-03-18 18:47:09,489 INFO  [main] SimpleUrlHandlerMapping: Mapped URL path [/webjars/**] onto handler of type [class org.springframework.web.servlet.resource.ResourceHttpRequestHandler]
2021-03-18 18:47:09,490 INFO  [main] SimpleUrlHandlerMapping: Mapped URL path [/**] onto handler of type [class org.springframework.web.servlet.resource.ResourceHttpRequestHandler]
2021-03-18 18:47:09,516 INFO  [main] ExceptionHandlerExceptionResolver: Detected @ExceptionHandler methods in customExceptionHandler
2021-03-18 18:47:09,730 INFO  [main] AnnotationMBeanExporter: Registering beans for JMX exposure on startup
2021-03-18 18:47:09,981 INFO  [main] TomcatWebServer: Tomcat started on port(s): 8080 (http) with context path ''
2021-03-18 18:47:09,991 INFO  [main] SpringBootDemoApplication: Started SpringBootDemoApplication in 8.019 seconds (JVM running for 9.854)
2021-03-18 18:47:18,531 INFO  [http-nio-8080-exec-1] [/]: Initializing Spring FrameworkServlet 'dispatcherServlet'
2021-03-18 18:47:18,531 INFO  [http-nio-8080-exec-1] DispatcherServlet: FrameworkServlet 'dispatcherServlet': initialization started
2021-03-18 18:47:18,582 INFO  [http-nio-8080-exec-1] DispatcherServlet: FrameworkServlet 'dispatcherServlet': initialization completed in 50 ms
2021-03-18 18:47:39,204 INFO  [http-nio-8080-exec-6] EmployeeDAO: doStuff took input - test
2021-03-18 18:47:39,208 WARN  [http-nio-8080-exec-6] EmployeeDAO: doStuff needed to warn - test
2021-03-18 18:47:39,210 ERROR [http-nio-8080-exec-6] EmployeeDAO: doStuff encountered an error with value - test
2021-03-18 18:49:59,853 INFO  [main] SpringBootDemoApplication: Starting SpringBootDemoApplication on NCS-240619KK16 with PID 14016 (D:\TASYS\POC\logback+springboot1\springbootrestdemo\springbootrestdemo\target\classes started by P0103248 in D:\TASYS\POC\logback+springboot1\springbootrestdemo\springbootrestdemo)
2021-03-18 18:49:59,867 INFO  [main] SpringBootDemoApplication: No active profile set, falling back to default profiles: default
2021-03-18 18:49:59,997 INFO  [main] AnnotationConfigServletWebServerApplicationContext: Refreshing org.springframework.boot.web.servlet.context.AnnotationConfigServletWebServerApplicationContext@6f96c77: startup date [Thu Mar 18 18:49:59 SGT 2021]; root of context hierarchy
2021-03-18 18:50:03,527 INFO  [main] TomcatWebServer: Tomcat initialized with port(s): 8080 (http)
2021-03-18 18:50:03,593 INFO  [main] StandardService: Starting service [Tomcat]
2021-03-18 18:50:03,600 INFO  [main] StandardEngine: Starting Servlet Engine: Apache Tomcat/8.5.34
2021-03-18 18:50:03,623 INFO  [localhost-startStop-1] AprLifecycleListener: The APR based Apache Tomcat Native library which allows optimal performance in production environments was not found on the java.library.path: [D:\Softwares\SOFTWARE_BACKEND\Java\jdk1.8.0_171\bin;C:\WINDOWS\Sun\Java\bin;C:\WINDOWS\system32;C:\WINDOWS;C:\Program Files (x86)\Intel\iCLS Client\;C:\Program Files\Intel\iCLS Client\;C:\WINDOWS\system32;C:\WINDOWS;C:\WINDOWS\System32\Wbem;C:\WINDOWS\System32\WindowsPowerShell\v1.0\;C:\WINDOWS\System32\OpenSSH\;C:\Program Files (x86)\Intel\Intel(R) Management Engine Components\DAL;C:\Program Files\Intel\Intel(R) Management Engine Components\DAL;C:\Program Files (x86)\Intel\Intel(R) Management Engine Components\IPT;C:\Program Files\Intel\Intel(R) Management Engine Components\IPT;D:\Softwares\SOFTWARE_BACKEND\Java\jdk1.8.0_171\bin;C:\Program Files\Git\cmd;C:\Program Files\TortoiseGit\bin;C:\Program Files\nodejs\;C:\Users\P0103248\AppData\Local\Microsoft\WindowsApps;C:\Program Files\Microsoft VS Code\bin;D:\TASYS\angular\node-v14.15.4-win-x64\node-v14.15.4-win-x64;D:\Softwares\SOFTWARE_BACKEND\Java\jdk1.8.0_171\bin;D:\Softwares\SOFTWARE_BACKEND\Maven\apache-maven-3.5.2-bin\apache-maven-3.5.2\bin;;.]
2021-03-18 18:50:04,116 INFO  [localhost-startStop-1] [/]: Initializing Spring embedded WebApplicationContext
2021-03-18 18:50:04,124 INFO  [localhost-startStop-1] ContextLoader: Root WebApplicationContext: initialization completed in 4127 ms
2021-03-18 18:50:04,383 INFO  [localhost-startStop-1] ServletRegistrationBean: Servlet dispatcherServlet mapped to [/]
2021-03-18 18:50:04,390 INFO  [localhost-startStop-1] FilterRegistrationBean: Mapping filter: 'characterEncodingFilter' to: [/*]
2021-03-18 18:50:04,393 INFO  [localhost-startStop-1] FilterRegistrationBean: Mapping filter: 'hiddenHttpMethodFilter' to: [/*]
2021-03-18 18:50:04,396 INFO  [localhost-startStop-1] FilterRegistrationBean: Mapping filter: 'httpPutFormContentFilter' to: [/*]
2021-03-18 18:50:04,411 INFO  [localhost-startStop-1] FilterRegistrationBean: Mapping filter: 'requestContextFilter' to: [/*]
2021-03-18 18:50:04,611 INFO  [main] SimpleUrlHandlerMapping: Mapped URL path [/**/favicon.ico] onto handler of type [class org.springframework.web.servlet.resource.ResourceHttpRequestHandler]
2021-03-18 18:50:04,836 INFO  [main] RequestMappingHandlerAdapter: Looking for @ControllerAdvice: org.springframework.boot.web.servlet.context.AnnotationConfigServletWebServerApplicationContext@6f96c77: startup date [Thu Mar 18 18:49:59 SGT 2021]; root of context hierarchy
2021-03-18 18:50:04,980 INFO  [main] RequestMappingHandlerMapping: Mapped "{[/employees/],methods=[GET],produces=[application/json]}" onto public com.dbs.tasys.model.Employees com.dbs.tasys.rest.controller.EmployeeController.getEmployees()
2021-03-18 18:50:04,982 INFO  [main] RequestMappingHandlerMapping: Mapped "{[/employees/],methods=[POST],consumes=[application/json],produces=[application/json]}" onto public org.springframework.http.ResponseEntity<java.lang.Object> com.dbs.tasys.rest.controller.EmployeeController.addEmployee(java.lang.String,java.lang.String,com.dbs.tasys.model.Employee) throws java.lang.Exception
2021-03-18 18:50:04,983 INFO  [main] RequestMappingHandlerMapping: Mapped "{[/employees/setloglevel/{loglevel}],methods=[GET]}" onto public void com.dbs.tasys.rest.controller.EmployeeController.setWarnLoglevel(java.lang.String)
2021-03-18 18:50:04,985 INFO  [main] RequestMappingHandlerMapping: Mapped "{[/log/setloglevel/{loglevel}],methods=[GET]}" onto public void com.dbs.tasys.rest.controller.LogController.setWarnLoglevel(java.lang.String)
2021-03-18 18:50:04,989 INFO  [main] RequestMappingHandlerMapping: Mapped "{[/error]}" onto public org.springframework.http.ResponseEntity<java.util.Map<java.lang.String, java.lang.Object>> org.springframework.boot.autoconfigure.web.servlet.error.BasicErrorController.error(javax.servlet.http.HttpServletRequest)
2021-03-18 18:50:04,990 INFO  [main] RequestMappingHandlerMapping: Mapped "{[/error],produces=[text/html]}" onto public org.springframework.web.servlet.ModelAndView org.springframework.boot.autoconfigure.web.servlet.error.BasicErrorController.errorHtml(javax.servlet.http.HttpServletRequest,javax.servlet.http.HttpServletResponse)
2021-03-18 18:50:05,025 INFO  [main] SimpleUrlHandlerMapping: Mapped URL path [/webjars/**] onto handler of type [class org.springframework.web.servlet.resource.ResourceHttpRequestHandler]
2021-03-18 18:50:05,026 INFO  [main] SimpleUrlHandlerMapping: Mapped URL path [/**] onto handler of type [class org.springframework.web.servlet.resource.ResourceHttpRequestHandler]
2021-03-18 18:50:05,049 INFO  [main] ExceptionHandlerExceptionResolver: Detected @ExceptionHandler methods in customExceptionHandler
2021-03-18 18:50:05,245 INFO  [main] AnnotationMBeanExporter: Registering beans for JMX exposure on startup
2021-03-18 18:50:05,478 INFO  [main] TomcatWebServer: Tomcat started on port(s): 8080 (http) with context path ''
2021-03-18 18:50:05,483 INFO  [main] SpringBootDemoApplication: Started SpringBootDemoApplication in 6.757 seconds (JVM running for 8.373)
